Building DAG of jobs...
Using shell: /usr/bin/bash
Provided cores: 1 (use --cores to define parallelism)
Rules claiming more threads will be scaled down.
Job stats:
job                count    min threads    max threads
---------------  -------  -------------  -------------
all                    1              1              1
binary_decision        1              1              1
extract               10              1              1
total                 12              1              1

Select jobs to execute...

[Thu Aug  4 13:27:00 2022]
rule binary_decision:
    input: data/raw.tsv
    output: output/bin_col.tsv
    jobid: 2
    reason: Forced execution
    resources: tmpdir=/tmp

[Thu Aug  4 13:27:03 2022]
Finished job 2.
1 of 12 steps (8%) done
Select jobs to execute...

[Thu Aug  4 13:27:03 2022]
rule extract:
    input: output/bin_col.tsv
    output: output/A/extract/2A.txt
    jobid: 3
    reason: Input files updated by another job: output/bin_col.tsv
    wildcards: sample=A, cell=2A
    resources: tmpdir=/tmp

[Thu Aug  4 13:27:03 2022]
Finished job 3.
2 of 12 steps (17%) done
Select jobs to execute...

[Thu Aug  4 13:27:03 2022]
rule extract:
    input: output/bin_col.tsv
    output: output/A/extract/1A.txt
    jobid: 1
    reason: Input files updated by another job: output/bin_col.tsv
    wildcards: sample=A, cell=1A
    resources: tmpdir=/tmp

[Thu Aug  4 13:27:03 2022]
Finished job 1.
3 of 12 steps (25%) done
Select jobs to execute...

[Thu Aug  4 13:27:03 2022]
rule extract:
    input: output/bin_col.tsv
    output: output/B/extract/5B.txt
    jobid: 11
    reason: Input files updated by another job: output/bin_col.tsv
    wildcards: sample=B, cell=5B
    resources: tmpdir=/tmp

[Thu Aug  4 13:27:03 2022]
Finished job 11.
4 of 12 steps (33%) done
Select jobs to execute...

[Thu Aug  4 13:27:03 2022]
rule extract:
    input: output/bin_col.tsv
    output: output/B/extract/3B.txt
    jobid: 9
    reason: Input files updated by another job: output/bin_col.tsv
    wildcards: sample=B, cell=3B
    resources: tmpdir=/tmp

[Thu Aug  4 13:27:03 2022]
Finished job 9.
5 of 12 steps (42%) done
Select jobs to execute...

[Thu Aug  4 13:27:03 2022]
rule extract:
    input: output/bin_col.tsv
    output: output/B/extract/1B.txt
    jobid: 7
    reason: Input files updated by another job: output/bin_col.tsv
    wildcards: sample=B, cell=1B
    resources: tmpdir=/tmp

[Thu Aug  4 13:27:04 2022]
Finished job 7.
6 of 12 steps (50%) done
Select jobs to execute...

[Thu Aug  4 13:27:04 2022]
rule extract:
    input: output/bin_col.tsv
    output: output/A/extract/3A.txt
    jobid: 4
    reason: Input files updated by another job: output/bin_col.tsv
    wildcards: sample=A, cell=3A
    resources: tmpdir=/tmp

[Thu Aug  4 13:27:04 2022]
Finished job 4.
7 of 12 steps (58%) done
Select jobs to execute...

[Thu Aug  4 13:27:04 2022]
rule extract:
    input: output/bin_col.tsv
    output: output/B/extract/2B.txt
    jobid: 8
    reason: Input files updated by another job: output/bin_col.tsv
    wildcards: sample=B, cell=2B
    resources: tmpdir=/tmp

[Thu Aug  4 13:27:04 2022]
Finished job 8.
8 of 12 steps (67%) done
Select jobs to execute...

[Thu Aug  4 13:27:04 2022]
rule extract:
    input: output/bin_col.tsv
    output: output/A/extract/5A.txt
    jobid: 6
    reason: Input files updated by another job: output/bin_col.tsv
    wildcards: sample=A, cell=5A
    resources: tmpdir=/tmp

[Thu Aug  4 13:27:04 2022]
Finished job 6.
9 of 12 steps (75%) done
Select jobs to execute...

[Thu Aug  4 13:27:04 2022]
rule extract:
    input: output/bin_col.tsv
    output: output/B/extract/4B.txt
    jobid: 10
    reason: Input files updated by another job: output/bin_col.tsv
    wildcards: sample=B, cell=4B
    resources: tmpdir=/tmp

[Thu Aug  4 13:27:04 2022]
Finished job 10.
10 of 12 steps (83%) done
Select jobs to execute...

[Thu Aug  4 13:27:04 2022]
rule extract:
    input: output/bin_col.tsv
    output: output/A/extract/4A.txt
    jobid: 5
    reason: Input files updated by another job: output/bin_col.tsv
    wildcards: sample=A, cell=4A
    resources: tmpdir=/tmp

[Thu Aug  4 13:27:04 2022]
Finished job 5.
11 of 12 steps (92%) done
Select jobs to execute...

[Thu Aug  4 13:27:04 2022]
localrule all:
    input: output/A/extract/1A.txt, output/A/extract/2A.txt, output/A/extract/3A.txt, output/A/extract/4A.txt, output/A/extract/5A.txt, output/B/extract/1B.txt, output/B/extract/2B.txt, output/B/extract/3B.txt, output/B/extract/4B.txt, output/B/extract/5B.txt
    jobid: 0
    reason: Input files updated by another job: output/A/extract/1A.txt, output/A/extract/4A.txt, output/B/extract/1B.txt, output/B/extract/5B.txt, output/A/extract/2A.txt, output/A/extract/5A.txt, output/A/extract/3A.txt, output/B/extract/3B.txt, output/B/extract/4B.txt, output/B/extract/2B.txt
    resources: tmpdir=/tmp

[Thu Aug  4 13:27:04 2022]
Finished job 0.
12 of 12 steps (100%) done
Complete log: .snakemake/log/2022-08-04T132659.045289.snakemake.log
