Building DAG of jobs...
Using shell: /usr/bin/bash
Provided cores: 1 (use --cores to define parallelism)
Rules claiming more threads will be scaled down.
Job counts:
	count	jobs
	1	all
	1	binary_decision
	10	extract
	12

[Fri Aug  5 15:15:05 2022]
rule binary_decision:
    input: data/raw.tsv
    output: output/bin_col.tsv
    jobid: 11

[Fri Aug  5 15:15:07 2022]
Finished job 11.
1 of 12 steps (8%) done

[Fri Aug  5 15:15:07 2022]
rule extract:
    input: output/bin_col.tsv
    output: output/B/extract/4B.txt
    jobid: 9
    wildcards: sample=B, cell=4B

[Fri Aug  5 15:15:07 2022]
Finished job 9.
2 of 12 steps (17%) done

[Fri Aug  5 15:15:08 2022]
rule extract:
    input: output/bin_col.tsv
    output: output/B/extract/2B.txt
    jobid: 7
    wildcards: sample=B, cell=2B

[Fri Aug  5 15:15:08 2022]
Finished job 7.
3 of 12 steps (25%) done

[Fri Aug  5 15:15:08 2022]
rule extract:
    input: output/bin_col.tsv
    output: output/A/extract/5A.txt
    jobid: 5
    wildcards: sample=A, cell=5A

[Fri Aug  5 15:15:08 2022]
Finished job 5.
4 of 12 steps (33%) done

[Fri Aug  5 15:15:08 2022]
rule extract:
    input: output/bin_col.tsv
    output: output/A/extract/2A.txt
    jobid: 2
    wildcards: sample=A, cell=2A

[Fri Aug  5 15:15:08 2022]
Finished job 2.
5 of 12 steps (42%) done

[Fri Aug  5 15:15:08 2022]
rule extract:
    input: output/bin_col.tsv
    output: output/B/extract/5B.txt
    jobid: 10
    wildcards: sample=B, cell=5B

[Fri Aug  5 15:15:08 2022]
Finished job 10.
6 of 12 steps (50%) done

[Fri Aug  5 15:15:08 2022]
rule extract:
    input: output/bin_col.tsv
    output: output/B/extract/3B.txt
    jobid: 8
    wildcards: sample=B, cell=3B

[Fri Aug  5 15:15:08 2022]
Finished job 8.
7 of 12 steps (58%) done

[Fri Aug  5 15:15:08 2022]
rule extract:
    input: output/bin_col.tsv
    output: output/B/extract/1B.txt
    jobid: 6
    wildcards: sample=B, cell=1B

[Fri Aug  5 15:15:08 2022]
Finished job 6.
8 of 12 steps (67%) done

[Fri Aug  5 15:15:08 2022]
rule extract:
    input: output/bin_col.tsv
    output: output/A/extract/4A.txt
    jobid: 4
    wildcards: sample=A, cell=4A

[Fri Aug  5 15:15:08 2022]
Finished job 4.
9 of 12 steps (75%) done

[Fri Aug  5 15:15:08 2022]
rule extract:
    input: output/bin_col.tsv
    output: output/A/extract/1A.txt
    jobid: 1
    wildcards: sample=A, cell=1A

[Fri Aug  5 15:15:08 2022]
Finished job 1.
10 of 12 steps (83%) done

[Fri Aug  5 15:15:09 2022]
rule extract:
    input: output/bin_col.tsv
    output: output/A/extract/3A.txt
    jobid: 3
    wildcards: sample=A, cell=3A

[Fri Aug  5 15:15:09 2022]
Finished job 3.
11 of 12 steps (92%) done

[Fri Aug  5 15:15:09 2022]
localrule all:
    input: output/A/extract/1A.txt, output/A/extract/2A.txt, output/A/extract/3A.txt, output/A/extract/4A.txt, output/A/extract/5A.txt, output/B/extract/1B.txt, output/B/extract/2B.txt, output/B/extract/3B.txt, output/B/extract/4B.txt, output/B/extract/5B.txt
    jobid: 0

[Fri Aug  5 15:15:09 2022]
Finished job 0.
12 of 12 steps (100%) done
Complete log: /g/korbel2/weber/workspace/snakemake_tutorials/checkpoint/-3/.snakemake/log/2022-08-05T151504.126793.snakemake.log
