Building DAG of jobs...
Using shell: /usr/bin/bash
Provided cores: 1 (use --cores to define parallelism)
Rules claiming more threads will be scaled down.
Job stats:
job                 count    min threads    max threads
----------------  -------  -------------  -------------
aggregate               2              1              1
all                     1              1              1
binary_decision         1              1              1
determine_color         2              1              1
filter_bad_cells        1              1              1
final                   2              1              1
total                   9              1              1

Select jobs to execute...

[Thu Aug  4 13:16:53 2022]
rule binary_decision:
    input: data/raw.tsv
    output: output/bin_col.tsv
    jobid: 5
    reason: Forced execution
    resources: tmpdir=/tmp

[Thu Aug  4 13:16:56 2022]
Finished job 5.
1 of 9 steps (11%) done
Select jobs to execute...

[Thu Aug  4 13:16:56 2022]
checkpoint filter_bad_cells:
    input: output/bin_col.tsv
    output: output/filter.tsv
    jobid: 4
    reason: Missing output files: output/filter.tsv; Input files updated by another job: output/bin_col.tsv
    resources: tmpdir=/tmp
Downstream jobs will be updated after completion.

[Thu Aug  4 13:16:58 2022]
Finished job 4.
2 of 9 steps (22%) done
Select jobs to execute...

[Thu Aug  4 13:16:58 2022]
rule extract:
    input: output/bin_col.tsv
    output: output/B/extract/5B.txt
    jobid: 21
    reason: Forced execution
    wildcards: sample=B, cell=5B
    resources: tmpdir=/tmp

[Thu Aug  4 13:16:59 2022]
Finished job 21.
3 of 16 steps (19%) done
Select jobs to execute...

[Thu Aug  4 13:16:59 2022]
rule extract:
    input: output/bin_col.tsv
    output: output/B/extract/2B.txt
    jobid: 19
    reason: Forced execution
    wildcards: sample=B, cell=2B
    resources: tmpdir=/tmp

[Thu Aug  4 13:16:59 2022]
Finished job 19.
4 of 16 steps (25%) done
Select jobs to execute...

[Thu Aug  4 13:16:59 2022]
rule extract:
    input: output/bin_col.tsv
    output: output/A/extract/3A.txt
    jobid: 17
    reason: Forced execution
    wildcards: sample=A, cell=3A
    resources: tmpdir=/tmp

[Thu Aug  4 13:16:59 2022]
Finished job 17.
5 of 16 steps (31%) done
Select jobs to execute...

[Thu Aug  4 13:16:59 2022]
rule extract:
    input: output/bin_col.tsv
    output: output/A/extract/5A.txt
    jobid: 18
    reason: Forced execution
    wildcards: sample=A, cell=5A
    resources: tmpdir=/tmp

[Thu Aug  4 13:16:59 2022]
Finished job 18.
6 of 16 steps (38%) done
Select jobs to execute...

[Thu Aug  4 13:16:59 2022]
rule extract:
    input: output/bin_col.tsv
    output: output/A/extract/2A.txt
    jobid: 16
    reason: Forced execution
    wildcards: sample=A, cell=2A
    resources: tmpdir=/tmp

[Thu Aug  4 13:16:59 2022]
Finished job 16.
7 of 16 steps (44%) done
Select jobs to execute...

[Thu Aug  4 13:16:59 2022]
rule extract:
    input: output/bin_col.tsv
    output: output/B/extract/4B.txt
    jobid: 20
    reason: Forced execution
    wildcards: sample=B, cell=4B
    resources: tmpdir=/tmp

[Thu Aug  4 13:16:59 2022]
Finished job 20.
8 of 16 steps (50%) done
Select jobs to execute...

[Thu Aug  4 13:16:59 2022]
rule extract:
    input: output/bin_col.tsv
    output: output/A/extract/1A.txt
    jobid: 15
    reason: Forced execution
    wildcards: sample=A, cell=1A
    resources: tmpdir=/tmp

[Thu Aug  4 13:16:59 2022]
Finished job 15.
9 of 16 steps (56%) done
Select jobs to execute...

[Thu Aug  4 13:16:59 2022]
rule aggregate:
    input: output/A/extract/1A.txt, output/A/extract/2A.txt, output/A/extract/3A.txt, output/A/extract/5A.txt, output/B/extract/2B.txt, output/B/extract/4B.txt, output/B/extract/5B.txt
    output: output/agg/B.out
    jobid: 8
    reason: Missing output files: output/agg/B.out; Input files updated by another job: output/B/extract/4B.txt, output/A/extract/3A.txt, output/B/extract/2B.txt, output/B/extract/5B.txt, output/A/extract/5A.txt, output/A/extract/2A.txt, output/A/extract/1A.txt
    wildcards: sample=B
    resources: tmpdir=/tmp

[Thu Aug  4 13:16:59 2022]
Finished job 8.
10 of 16 steps (62%) done
Select jobs to execute...

[Thu Aug  4 13:16:59 2022]
checkpoint determine_color:
    input: output/agg/B.out
    output: output/color/B.tsv
    jobid: 7
    reason: Missing output files: output/color/B.tsv; Input files updated by another job: output/agg/B.out
    wildcards: sample=B
    resources: tmpdir=/tmp
Downstream jobs will be updated after completion.

[Thu Aug  4 13:17:02 2022]
Finished job 7.
11 of 16 steps (69%) done
Select jobs to execute...

[Thu Aug  4 13:17:02 2022]
rule process_red:
    input: output/B/extract/4B.txt
    output: output/B/red/4B.txt
    jobid: 26
    reason: Forced execution
    wildcards: sample=B, cell=4B
    resources: tmpdir=/tmp

[Thu Aug  4 13:17:05 2022]
Finished job 26.
12 of 19 steps (63%) done
Select jobs to execute...

[Thu Aug  4 13:17:05 2022]
rule process_blue:
    input: output/B/extract/2B.txt
    output: output/B/blue/2B.txt
    jobid: 25
    reason: Forced execution
    wildcards: sample=B, cell=2B
    resources: tmpdir=/tmp

[Thu Aug  4 13:17:08 2022]
Finished job 25.
13 of 19 steps (68%) done
Select jobs to execute...

[Thu Aug  4 13:17:08 2022]
rule process_red:
    input: output/B/extract/5B.txt
    output: output/B/red/5B.txt
    jobid: 27
    reason: Forced execution
    wildcards: sample=B, cell=5B
    resources: tmpdir=/tmp

[Thu Aug  4 13:17:11 2022]
Finished job 27.
14 of 19 steps (74%) done
Select jobs to execute...

[Thu Aug  4 13:17:11 2022]
rule final:
    input: output/B/blue/2B.txt, output/B/red/4B.txt, output/B/red/5B.txt
    output: output/final/B.out
    jobid: 6
    reason: Missing output files: output/final/B.out; Input files updated by another job: output/B/red/4B.txt, output/B/red/5B.txt, output/B/blue/2B.txt
    wildcards: sample=B
    resources: tmpdir=/tmp

[Thu Aug  4 13:17:11 2022]
Finished job 6.
15 of 19 steps (79%) done
Select jobs to execute...

[Thu Aug  4 13:17:11 2022]
rule aggregate:
    input: output/A/extract/1A.txt, output/A/extract/2A.txt, output/A/extract/3A.txt, output/A/extract/5A.txt, output/B/extract/2B.txt, output/B/extract/4B.txt, output/B/extract/5B.txt
    output: output/agg/A.out
    jobid: 3
    reason: Forced execution
    wildcards: sample=A
    resources: tmpdir=/tmp

[Thu Aug  4 13:17:11 2022]
Finished job 3.
16 of 19 steps (84%) done
Select jobs to execute...

[Thu Aug  4 13:17:11 2022]
checkpoint determine_color:
    input: output/agg/A.out
    output: output/color/A.tsv
    jobid: 2
    reason: Missing output files: output/color/A.tsv; Input files updated by another job: output/agg/A.out
    wildcards: sample=A
    resources: tmpdir=/tmp
Downstream jobs will be updated after completion.

[Thu Aug  4 13:17:16 2022]
Finished job 2.
17 of 19 steps (89%) done
Select jobs to execute...

[Thu Aug  4 13:17:16 2022]
rule process_red:
    input: output/A/extract/3A.txt
    output: output/A/red/3A.txt
    jobid: 32
    reason: Forced execution
    wildcards: sample=A, cell=3A
    resources: tmpdir=/tmp

[Thu Aug  4 13:17:19 2022]
Finished job 32.
18 of 23 steps (78%) done
Select jobs to execute...

[Thu Aug  4 13:17:19 2022]
rule process_blue:
    input: output/A/extract/2A.txt
    output: output/A/blue/2A.txt
    jobid: 31
    reason: Forced execution
    wildcards: sample=A, cell=2A
    resources: tmpdir=/tmp

[Thu Aug  4 13:17:22 2022]
Finished job 31.
19 of 23 steps (83%) done
Select jobs to execute...

[Thu Aug  4 13:17:22 2022]
rule process_blue:
    input: output/A/extract/5A.txt
    output: output/A/blue/5A.txt
    jobid: 33
    reason: Forced execution
    wildcards: sample=A, cell=5A
    resources: tmpdir=/tmp

[Thu Aug  4 13:17:25 2022]
Finished job 33.
20 of 23 steps (87%) done
Select jobs to execute...

[Thu Aug  4 13:17:25 2022]
rule process_blue:
    input: output/A/extract/1A.txt
    output: output/A/blue/1A.txt
    jobid: 30
    reason: Forced execution
    wildcards: sample=A, cell=1A
    resources: tmpdir=/tmp

[Thu Aug  4 13:17:28 2022]
Finished job 30.
21 of 23 steps (91%) done
Select jobs to execute...

[Thu Aug  4 13:17:28 2022]
rule final:
    input: output/A/blue/1A.txt, output/A/blue/2A.txt, output/A/red/3A.txt, output/A/blue/5A.txt
    output: output/final/A.out
    jobid: 1
    reason: Missing output files: output/final/A.out; Input files updated by another job: output/A/blue/2A.txt, output/A/red/3A.txt, output/A/blue/5A.txt, output/A/blue/1A.txt
    wildcards: sample=A
    resources: tmpdir=/tmp

[Thu Aug  4 13:17:28 2022]
Finished job 1.
22 of 23 steps (96%) done
Select jobs to execute...

[Thu Aug  4 13:17:28 2022]
localrule all:
    input: output/final/A.out, output/final/B.out
    jobid: 0
    reason: Input files updated by another job: output/final/B.out, output/final/A.out
    resources: tmpdir=/tmp

[Thu Aug  4 13:17:28 2022]
Finished job 0.
23 of 23 steps (100%) done
Complete log: .snakemake/log/2022-08-04T131651.538675.snakemake.log
