Building DAG of jobs...
Using shell: /usr/bin/bash
Provided cores: 1 (use --cores to define parallelism)
Rules claiming more threads will be scaled down.
Job stats:
job          count    min threads    max threads
---------  -------  -------------  -------------
aggregate       10              1              1
all              1              1              1
total           11              1              1

Select jobs to execute...

[Wed Aug  3 23:27:34 2022]
rule aggregate:
    input: data/raw.tsv
    output: data/B/5B.txt
    jobid: 10
    reason: Code has changed since last execution
    wildcards: sample=B, cell=5B
    resources: tmpdir=/tmp

[Wed Aug  3 23:27:34 2022]
Finished job 10.
1 of 11 steps (9%) done
Select jobs to execute...

[Wed Aug  3 23:27:34 2022]
rule aggregate:
    input: data/raw.tsv
    output: data/B/3B.txt
    jobid: 8
    reason: Code has changed since last execution
    wildcards: sample=B, cell=3B
    resources: tmpdir=/tmp

[Wed Aug  3 23:27:34 2022]
Finished job 8.
2 of 11 steps (18%) done
Select jobs to execute...

[Wed Aug  3 23:27:34 2022]
rule aggregate:
    input: data/raw.tsv
    output: data/B/1B.txt
    jobid: 6
    reason: Code has changed since last execution
    wildcards: sample=B, cell=1B
    resources: tmpdir=/tmp

[Wed Aug  3 23:27:34 2022]
Finished job 6.
3 of 11 steps (27%) done
Select jobs to execute...

[Wed Aug  3 23:27:34 2022]
rule aggregate:
    input: data/raw.tsv
    output: data/A/4A.txt
    jobid: 4
    reason: Code has changed since last execution
    wildcards: sample=A, cell=4A
    resources: tmpdir=/tmp

[Wed Aug  3 23:27:34 2022]
Finished job 4.
4 of 11 steps (36%) done
Select jobs to execute...

[Wed Aug  3 23:27:34 2022]
rule aggregate:
    input: data/raw.tsv
    output: data/A/1A.txt
    jobid: 1
    reason: Code has changed since last execution
    wildcards: sample=A, cell=1A
    resources: tmpdir=/tmp

[Wed Aug  3 23:27:34 2022]
Finished job 1.
5 of 11 steps (45%) done
Select jobs to execute...

[Wed Aug  3 23:27:34 2022]
rule aggregate:
    input: data/raw.tsv
    output: data/B/4B.txt
    jobid: 9
    reason: Code has changed since last execution
    wildcards: sample=B, cell=4B
    resources: tmpdir=/tmp

[Wed Aug  3 23:27:34 2022]
Finished job 9.
6 of 11 steps (55%) done
Select jobs to execute...

[Wed Aug  3 23:27:34 2022]
rule aggregate:
    input: data/raw.tsv
    output: data/A/5A.txt
    jobid: 5
    reason: Code has changed since last execution
    wildcards: sample=A, cell=5A
    resources: tmpdir=/tmp

[Wed Aug  3 23:27:35 2022]
Finished job 5.
7 of 11 steps (64%) done
Select jobs to execute...

[Wed Aug  3 23:27:35 2022]
rule aggregate:
    input: data/raw.tsv
    output: data/A/3A.txt
    jobid: 3
    reason: Code has changed since last execution
    wildcards: sample=A, cell=3A
    resources: tmpdir=/tmp

[Wed Aug  3 23:27:35 2022]
Finished job 3.
8 of 11 steps (73%) done
Select jobs to execute...

[Wed Aug  3 23:27:35 2022]
rule aggregate:
    input: data/raw.tsv
    output: data/B/2B.txt
    jobid: 7
    reason: Code has changed since last execution
    wildcards: sample=B, cell=2B
    resources: tmpdir=/tmp

[Wed Aug  3 23:27:35 2022]
Finished job 7.
9 of 11 steps (82%) done
Select jobs to execute...

[Wed Aug  3 23:27:35 2022]
rule aggregate:
    input: data/raw.tsv
    output: data/A/2A.txt
    jobid: 2
    reason: Code has changed since last execution
    wildcards: sample=A, cell=2A
    resources: tmpdir=/tmp

[Wed Aug  3 23:27:35 2022]
Finished job 2.
10 of 11 steps (91%) done
Select jobs to execute...

[Wed Aug  3 23:27:35 2022]
localrule all:
    input: data/A/1A.txt, data/A/2A.txt, data/A/3A.txt, data/A/4A.txt, data/A/5A.txt, data/B/1B.txt, data/B/2B.txt, data/B/3B.txt, data/B/4B.txt, data/B/5B.txt
    jobid: 0
    reason: Input files updated by another job: data/B/2B.txt, data/B/4B.txt, data/B/1B.txt, data/A/3A.txt, data/A/4A.txt, data/B/5B.txt, data/A/1A.txt, data/B/3B.txt, data/A/2A.txt, data/A/5A.txt
    resources: tmpdir=/tmp

[Wed Aug  3 23:27:35 2022]
Finished job 0.
11 of 11 steps (100%) done
Complete log: .snakemake/log/2022-08-03T232732.989421.snakemake.log
