Building DAG of jobs...
Using shell: /usr/bin/bash
Provided cores: 1 (use --cores to define parallelism)
Rules claiming more threads will be scaled down.
Job stats:
job                count    min threads    max threads
---------------  -------  -------------  -------------
aggregate              2              1              1
all                    1              1              1
binary_decision        1              1              1
determine_color        2              1              1
extract                7              1              1
final                  2              1              1
total                 15              1              1

Select jobs to execute...

[Thu Aug  4 11:35:36 2022]
rule binary_decision:
    input: data/raw.tsv
    output: output/bin_col.tsv
    jobid: 12
    reason: Forced execution
    resources: tmpdir=/tmp

[Thu Aug  4 11:35:39 2022]
Finished job 12.
1 of 15 steps (7%) done
Select jobs to execute...

[Thu Aug  4 11:35:39 2022]
rule extract:
    input: output/bin_col.tsv
    output: output/B/extract/5B.txt
    jobid: 18
    reason: Input files updated by another job: output/bin_col.tsv
    wildcards: sample=B, cell=5B
    resources: tmpdir=/tmp

[Thu Aug  4 11:35:39 2022]
Finished job 18.
2 of 15 steps (13%) done
Select jobs to execute...

[Thu Aug  4 11:35:39 2022]
rule extract:
    input: output/bin_col.tsv
    output: output/B/extract/2B.txt
    jobid: 16
    reason: Input files updated by another job: output/bin_col.tsv
    wildcards: sample=B, cell=2B
    resources: tmpdir=/tmp

[Thu Aug  4 11:35:39 2022]
Finished job 16.
3 of 15 steps (20%) done
Select jobs to execute...

[Thu Aug  4 11:35:39 2022]
rule extract:
    input: output/bin_col.tsv
    output: output/A/extract/3A.txt
    jobid: 14
    reason: Input files updated by another job: output/bin_col.tsv
    wildcards: sample=A, cell=3A
    resources: tmpdir=/tmp

[Thu Aug  4 11:35:40 2022]
Finished job 14.
4 of 15 steps (27%) done
Select jobs to execute...

[Thu Aug  4 11:35:40 2022]
rule extract:
    input: output/bin_col.tsv
    output: output/B/extract/4B.txt
    jobid: 17
    reason: Input files updated by another job: output/bin_col.tsv
    wildcards: sample=B, cell=4B
    resources: tmpdir=/tmp

[Thu Aug  4 11:35:40 2022]
Finished job 17.
5 of 15 steps (33%) done
Select jobs to execute...

[Thu Aug  4 11:35:40 2022]
rule extract:
    input: output/bin_col.tsv
    output: output/A/extract/5A.txt
    jobid: 15
    reason: Input files updated by another job: output/bin_col.tsv
    wildcards: sample=A, cell=5A
    resources: tmpdir=/tmp

[Thu Aug  4 11:35:40 2022]
Finished job 15.
6 of 15 steps (40%) done
Select jobs to execute...

[Thu Aug  4 11:35:40 2022]
rule extract:
    input: output/bin_col.tsv
    output: output/A/extract/1A.txt
    jobid: 11
    reason: Input files updated by another job: output/bin_col.tsv
    wildcards: sample=A, cell=1A
    resources: tmpdir=/tmp

[Thu Aug  4 11:35:40 2022]
Finished job 11.
7 of 15 steps (47%) done
Select jobs to execute...

[Thu Aug  4 11:35:40 2022]
rule extract:
    input: output/bin_col.tsv
    output: output/A/extract/2A.txt
    jobid: 13
    reason: Input files updated by another job: output/bin_col.tsv
    wildcards: sample=A, cell=2A
    resources: tmpdir=/tmp

[Thu Aug  4 11:35:40 2022]
Finished job 13.
8 of 15 steps (53%) done
Select jobs to execute...

[Thu Aug  4 11:35:40 2022]
rule aggregate:
    input: output/A/extract/1A.txt, output/A/extract/2A.txt, output/A/extract/3A.txt, output/A/extract/5A.txt, output/B/extract/2B.txt, output/B/extract/4B.txt, output/B/extract/5B.txt
    output: output/agg/B.out
    jobid: 6
    reason: Input files updated by another job: output/A/extract/3A.txt, output/A/extract/2A.txt, output/A/extract/5A.txt, output/B/extract/2B.txt, output/A/extract/1A.txt, output/B/extract/5B.txt, output/B/extract/4B.txt
    wildcards: sample=B
    resources: tmpdir=/tmp

[Thu Aug  4 11:35:40 2022]
Finished job 6.
9 of 15 steps (60%) done
Select jobs to execute...

[Thu Aug  4 11:35:40 2022]
checkpoint determine_color:
    input: output/agg/B.out
    output: output/color/B.tsv
    jobid: 5
    reason: Input files updated by another job: output/agg/B.out
    wildcards: sample=B
    resources: tmpdir=/tmp
Downstream jobs will be updated after completion.

[Thu Aug  4 11:35:43 2022]
Finished job 5.
10 of 15 steps (67%) done
Select jobs to execute...

[Thu Aug  4 11:35:43 2022]
rule aggregate:
    input: output/A/extract/1A.txt, output/A/extract/2A.txt, output/A/extract/3A.txt, output/A/extract/5A.txt, output/B/extract/2B.txt, output/B/extract/4B.txt, output/B/extract/5B.txt
    output: output/agg/A.out
    jobid: 3
    reason: Forced execution
    wildcards: sample=A
    resources: tmpdir=/tmp

[Thu Aug  4 11:35:43 2022]
Finished job 3.
11 of 18 steps (61%) done
Select jobs to execute...

[Thu Aug  4 11:35:43 2022]
checkpoint determine_color:
    input: output/agg/A.out
    output: output/color/A.tsv
    jobid: 2
    reason: Input files updated by another job: output/agg/A.out
    wildcards: sample=A
    resources: tmpdir=/tmp
Downstream jobs will be updated after completion.

[Thu Aug  4 11:35:46 2022]
Finished job 2.
12 of 18 steps (67%) done
Select jobs to execute...

[Thu Aug  4 11:35:46 2022]
rule process_red:
    input: output/B/extract/4B.txt
    output: output/B/red/4B.txt
    jobid: 21
    reason: Forced execution
    wildcards: sample=B, cell=4B
    resources: tmpdir=/tmp

[Thu Aug  4 11:35:49 2022]
Finished job 21.
13 of 22 steps (59%) done
Select jobs to execute...

[Thu Aug  4 11:35:49 2022]
rule process_blue:
    input: output/A/extract/2A.txt
    output: output/A/blue/2A.txt
    jobid: 26
    reason: Forced execution
    wildcards: sample=A, cell=2A
    resources: tmpdir=/tmp

[Thu Aug  4 11:35:52 2022]
Finished job 26.
14 of 22 steps (64%) done
Select jobs to execute...

[Thu Aug  4 11:35:53 2022]
rule process_blue:
    input: output/A/extract/1A.txt
    output: output/A/blue/1A.txt
    jobid: 25
    reason: Forced execution
    wildcards: sample=A, cell=1A
    resources: tmpdir=/tmp

[Thu Aug  4 11:35:56 2022]
Finished job 25.
15 of 22 steps (68%) done
Select jobs to execute...

[Thu Aug  4 11:35:56 2022]
rule process_blue:
    input: output/A/extract/5A.txt
    output: output/A/blue/5A.txt
    jobid: 28
    reason: Forced execution
    wildcards: sample=A, cell=5A
    resources: tmpdir=/tmp

[Thu Aug  4 11:35:59 2022]
Finished job 28.
16 of 22 steps (73%) done
Select jobs to execute...

[Thu Aug  4 11:35:59 2022]
rule process_red:
    input: output/B/extract/5B.txt
    output: output/B/red/5B.txt
    jobid: 22
    reason: Forced execution
    wildcards: sample=B, cell=5B
    resources: tmpdir=/tmp

[Thu Aug  4 11:36:02 2022]
Finished job 22.
17 of 22 steps (77%) done
Select jobs to execute...

[Thu Aug  4 11:36:02 2022]
rule process_red:
    input: output/A/extract/3A.txt
    output: output/A/red/3A.txt
    jobid: 27
    reason: Forced execution
    wildcards: sample=A, cell=3A
    resources: tmpdir=/tmp

[Thu Aug  4 11:36:05 2022]
Finished job 27.
18 of 22 steps (82%) done
Select jobs to execute...

[Thu Aug  4 11:36:05 2022]
rule process_blue:
    input: output/B/extract/2B.txt
    output: output/B/blue/2B.txt
    jobid: 20
    reason: Forced execution
    wildcards: sample=B, cell=2B
    resources: tmpdir=/tmp

[Thu Aug  4 11:36:08 2022]
Finished job 20.
19 of 22 steps (86%) done
Select jobs to execute...

[Thu Aug  4 11:36:08 2022]
rule final:
    input: output/B/blue/2B.txt, output/B/red/4B.txt, output/B/red/5B.txt
    output: output/final/B.out
    jobid: 4
    reason: Missing output files: output/final/B.out; Input files updated by another job: output/B/red/4B.txt, output/B/blue/2B.txt, output/B/red/5B.txt
    wildcards: sample=B
    resources: tmpdir=/tmp

[Thu Aug  4 11:36:08 2022]
Finished job 4.
20 of 22 steps (91%) done
Select jobs to execute...

[Thu Aug  4 11:36:08 2022]
rule final:
    input: output/A/blue/1A.txt, output/A/blue/2A.txt, output/A/red/3A.txt, output/A/blue/5A.txt
    output: output/final/A.out
    jobid: 1
    reason: Missing output files: output/final/A.out; Input files updated by another job: output/A/blue/1A.txt, output/A/blue/2A.txt, output/A/blue/5A.txt, output/A/red/3A.txt
    wildcards: sample=A
    resources: tmpdir=/tmp

[Thu Aug  4 11:36:08 2022]
Finished job 1.
21 of 22 steps (95%) done
Select jobs to execute...

[Thu Aug  4 11:36:08 2022]
localrule all:
    input: output/final/A.out, output/final/B.out
    jobid: 0
    reason: Input files updated by another job: output/final/A.out, output/final/B.out
    resources: tmpdir=/tmp

[Thu Aug  4 11:36:08 2022]
Finished job 0.
22 of 22 steps (100%) done
Complete log: .snakemake/log/2022-08-04T113534.559281.snakemake.log
