Building DAG of jobs...
Using shell: /usr/bin/bash
Provided cores: 1 (use --cores to define parallelism)
Rules claiming more threads will be scaled down.
Job stats:
job                 count    min threads    max threads
----------------  -------  -------------  -------------
aggregate               2              1              1
all                     1              1              1
filter_bad_cells        1              1              1
total                   4              1              1

Select jobs to execute...

[Wed Aug  3 23:51:16 2022]
checkpoint filter_bad_cells:
    input: data/bin_col.tsv
    output: output/filter.tsv
    jobid: 2
    reason: Missing output files: output/filter.tsv
    resources: tmpdir=/tmp
Downstream jobs will be updated after completion.

[Wed Aug  3 23:51:19 2022]
Finished job 2.
1 of 4 steps (25%) done
Select jobs to execute...

[Wed Aug  3 23:51:19 2022]
rule aggregate:
    input: data/A/1A.txt, data/A/2A.txt, data/A/3A.txt, data/A/5A.txt, data/B/2B.txt, data/B/4B.txt, data/B/5B.txt
    output: output/B.txt
    jobid: 3
    reason: Missing output files: output/B.txt
    wildcards: sample=B
    resources: tmpdir=/tmp

[Wed Aug  3 23:51:19 2022]
Finished job 3.
2 of 4 steps (50%) done
Select jobs to execute...

[Wed Aug  3 23:51:19 2022]
rule aggregate:
    input: data/A/1A.txt, data/A/2A.txt, data/A/3A.txt, data/A/5A.txt, data/B/2B.txt, data/B/4B.txt, data/B/5B.txt
    output: output/A.txt
    jobid: 1
    reason: Missing output files: output/A.txt
    wildcards: sample=A
    resources: tmpdir=/tmp

[Wed Aug  3 23:51:19 2022]
Finished job 1.
3 of 4 steps (75%) done
Select jobs to execute...

[Wed Aug  3 23:51:19 2022]
localrule all:
    input: output/A.txt, output/B.txt
    jobid: 0
    reason: Input files updated by another job: output/B.txt, output/A.txt
    resources: tmpdir=/tmp

[Wed Aug  3 23:51:19 2022]
Finished job 0.
4 of 4 steps (100%) done
Complete log: .snakemake/log/2022-08-03T235114.624339.snakemake.log
