Building DAG of jobs...
Using shell: /usr/bin/bash
Provided cores: 1 (use --cores to define parallelism)
Rules claiming more threads will be scaled down.
Job stats:
job          count    min threads    max threads
---------  -------  -------------  -------------
aggregate        2              1              1
all              1              1              1
extract          7              1              1
total           10              1              1

Select jobs to execute...

[Wed Aug  3 23:51:49 2022]
rule extract:
    input: data/raw.tsv
    output: output/B/5B.txt
    jobid: 12
    reason: Missing output files: output/B/5B.txt
    wildcards: sample=B, cell=5B
    resources: tmpdir=/tmp

[Wed Aug  3 23:51:49 2022]
Finished job 12.
1 of 10 steps (10%) done
Select jobs to execute...

[Wed Aug  3 23:51:49 2022]
rule extract:
    input: data/raw.tsv
    output: output/B/4B.txt
    jobid: 11
    reason: Missing output files: output/B/4B.txt
    wildcards: sample=B, cell=4B
    resources: tmpdir=/tmp

[Wed Aug  3 23:51:49 2022]
Finished job 11.
2 of 10 steps (20%) done
Select jobs to execute...

[Wed Aug  3 23:51:49 2022]
rule extract:
    input: data/raw.tsv
    output: output/B/2B.txt
    jobid: 10
    reason: Missing output files: output/B/2B.txt
    wildcards: sample=B, cell=2B
    resources: tmpdir=/tmp

[Wed Aug  3 23:51:49 2022]
Finished job 10.
3 of 10 steps (30%) done
Select jobs to execute...

[Wed Aug  3 23:51:50 2022]
rule extract:
    input: data/raw.tsv
    output: output/A/3A.txt
    jobid: 8
    reason: Missing output files: output/A/3A.txt
    wildcards: sample=A, cell=3A
    resources: tmpdir=/tmp

[Wed Aug  3 23:51:50 2022]
Finished job 8.
4 of 10 steps (40%) done
Select jobs to execute...

[Wed Aug  3 23:51:50 2022]
rule extract:
    input: data/raw.tsv
    output: output/A/2A.txt
    jobid: 7
    reason: Missing output files: output/A/2A.txt
    wildcards: sample=A, cell=2A
    resources: tmpdir=/tmp

[Wed Aug  3 23:51:50 2022]
Finished job 7.
5 of 10 steps (50%) done
Select jobs to execute...

[Wed Aug  3 23:51:50 2022]
rule extract:
    input: data/raw.tsv
    output: output/A/5A.txt
    jobid: 9
    reason: Missing output files: output/A/5A.txt
    wildcards: sample=A, cell=5A
    resources: tmpdir=/tmp

[Wed Aug  3 23:51:50 2022]
Finished job 9.
6 of 10 steps (60%) done
Select jobs to execute...

[Wed Aug  3 23:51:50 2022]
rule extract:
    input: data/raw.tsv
    output: output/A/1A.txt
    jobid: 6
    reason: Missing output files: output/A/1A.txt
    wildcards: sample=A, cell=1A
    resources: tmpdir=/tmp

[Wed Aug  3 23:51:50 2022]
Finished job 6.
7 of 10 steps (70%) done
Select jobs to execute...

[Wed Aug  3 23:51:50 2022]
rule aggregate:
    input: output/A/1A.txt, output/A/2A.txt, output/A/3A.txt, output/A/5A.txt, output/B/2B.txt, output/B/4B.txt, output/B/5B.txt
    output: output/A.txt
    jobid: 1
    reason: Input files updated by another job: output/A/2A.txt, output/A/1A.txt, output/B/2B.txt, output/B/5B.txt, output/B/4B.txt, output/A/5A.txt, output/A/3A.txt; Set of input files has changed since last execution
    wildcards: sample=A
    resources: tmpdir=/tmp

[Wed Aug  3 23:51:50 2022]
Finished job 1.
8 of 10 steps (80%) done
Select jobs to execute...

[Wed Aug  3 23:51:50 2022]
rule aggregate:
    input: output/A/1A.txt, output/A/2A.txt, output/A/3A.txt, output/A/5A.txt, output/B/2B.txt, output/B/4B.txt, output/B/5B.txt
    output: output/B.txt
    jobid: 3
    reason: Input files updated by another job: output/A/2A.txt, output/A/1A.txt, output/B/2B.txt, output/B/5B.txt, output/B/4B.txt, output/A/5A.txt, output/A/3A.txt; Set of input files has changed since last execution
    wildcards: sample=B
    resources: tmpdir=/tmp

[Wed Aug  3 23:51:50 2022]
Finished job 3.
9 of 10 steps (90%) done
Select jobs to execute...

[Wed Aug  3 23:51:50 2022]
localrule all:
    input: output/A.txt, output/B.txt
    jobid: 0
    reason: Input files updated by another job: output/B.txt, output/A.txt
    resources: tmpdir=/tmp

[Wed Aug  3 23:51:50 2022]
Finished job 0.
10 of 10 steps (100%) done
Complete log: .snakemake/log/2022-08-03T235147.752654.snakemake.log
