Building DAG of jobs...
Using shell: /usr/bin/bash
Provided cores: 1 (use --cores to define parallelism)
Rules claiming more threads will be scaled down.
Job stats:
job                count    min threads    max threads
---------------  -------  -------------  -------------
binary_decision        1              1              1
total                  1              1              1

Select jobs to execute...

[Wed Aug  3 23:02:32 2022]
rule binary_decision:
    input: data/input.raw.tsv
    output: data/input.bin_col.tsv
    jobid: 0
    reason: Missing output files: data/input.bin_col.tsv
    resources: tmpdir=/tmp

[Wed Aug  3 23:02:36 2022]
Finished job 0.
1 of 1 steps (100%) done
Complete log: .snakemake/log/2022-08-03T230231.549814.snakemake.log
