Building DAG of jobs...
Using shell: /usr/bin/bash
Provided cores: 1 (use --cores to define parallelism)
Rules claiming more threads will be scaled down.
Job stats:
job                count    min threads    max threads
---------------  -------  -------------  -------------
aggregate_one          2              1              1
all                    1              1              1
binary_decision        1              1              1
extract                7              1              1
total                 11              1              1

Select jobs to execute...

[Thu Aug  4 11:28:25 2022]
rule binary_decision:
    input: data/raw.tsv
    output: output/bin_col.tsv
    jobid: 6
    reason: Forced execution
    resources: tmpdir=/tmp

[Thu Aug  4 11:28:28 2022]
Finished job 6.
1 of 11 steps (9%) done
Select jobs to execute...

[Thu Aug  4 11:28:28 2022]
rule extract:
    input: output/bin_col.tsv
    output: output/B/extract/4B.txt
    jobid: 11
    reason: Input files updated by another job: output/bin_col.tsv
    wildcards: sample=B, cell=4B
    resources: tmpdir=/tmp

[Thu Aug  4 11:28:28 2022]
Finished job 11.
2 of 11 steps (18%) done
Select jobs to execute...

[Thu Aug  4 11:28:28 2022]
rule extract:
    input: output/bin_col.tsv
    output: output/A/extract/5A.txt
    jobid: 9
    reason: Input files updated by another job: output/bin_col.tsv
    wildcards: sample=A, cell=5A
    resources: tmpdir=/tmp

[Thu Aug  4 11:28:28 2022]
Finished job 9.
3 of 11 steps (27%) done
Select jobs to execute...

[Thu Aug  4 11:28:28 2022]
rule extract:
    input: output/bin_col.tsv
    output: output/A/extract/2A.txt
    jobid: 7
    reason: Input files updated by another job: output/bin_col.tsv
    wildcards: sample=A, cell=2A
    resources: tmpdir=/tmp

[Thu Aug  4 11:28:28 2022]
Finished job 7.
4 of 11 steps (36%) done
Select jobs to execute...

[Thu Aug  4 11:28:29 2022]
rule extract:
    input: output/bin_col.tsv
    output: output/A/extract/3A.txt
    jobid: 8
    reason: Input files updated by another job: output/bin_col.tsv
    wildcards: sample=A, cell=3A
    resources: tmpdir=/tmp

[Thu Aug  4 11:28:29 2022]
Finished job 8.
5 of 11 steps (45%) done
Select jobs to execute...

[Thu Aug  4 11:28:29 2022]
rule extract:
    input: output/bin_col.tsv
    output: output/B/extract/5B.txt
    jobid: 12
    reason: Input files updated by another job: output/bin_col.tsv
    wildcards: sample=B, cell=5B
    resources: tmpdir=/tmp

[Thu Aug  4 11:28:29 2022]
Finished job 12.
6 of 11 steps (55%) done
Select jobs to execute...

[Thu Aug  4 11:28:29 2022]
rule extract:
    input: output/bin_col.tsv
    output: output/B/extract/2B.txt
    jobid: 10
    reason: Input files updated by another job: output/bin_col.tsv
    wildcards: sample=B, cell=2B
    resources: tmpdir=/tmp

[Thu Aug  4 11:28:29 2022]
Finished job 10.
7 of 11 steps (64%) done
Select jobs to execute...

[Thu Aug  4 11:28:29 2022]
rule extract:
    input: output/bin_col.tsv
    output: output/A/extract/1A.txt
    jobid: 5
    reason: Input files updated by another job: output/bin_col.tsv
    wildcards: sample=A, cell=1A
    resources: tmpdir=/tmp

[Thu Aug  4 11:28:29 2022]
Finished job 5.
8 of 11 steps (73%) done
Select jobs to execute...

[Thu Aug  4 11:28:29 2022]
rule aggregate_one:
    input: output/A/extract/1A.txt, output/A/extract/2A.txt, output/A/extract/3A.txt, output/A/extract/5A.txt, output/B/extract/2B.txt, output/B/extract/4B.txt, output/B/extract/5B.txt
    output: output/agg/A.out
    jobid: 1
    reason: Missing output files: output/agg/A.out; Input files updated by another job: output/A/extract/3A.txt, output/A/extract/1A.txt, output/B/extract/2B.txt, output/B/extract/5B.txt, output/A/extract/2A.txt, output/A/extract/5A.txt, output/B/extract/4B.txt
    wildcards: sample=A
    resources: tmpdir=/tmp

[Thu Aug  4 11:28:29 2022]
Finished job 1.
9 of 11 steps (82%) done
Select jobs to execute...

[Thu Aug  4 11:28:29 2022]
rule aggregate_one:
    input: output/A/extract/1A.txt, output/A/extract/2A.txt, output/A/extract/3A.txt, output/A/extract/5A.txt, output/B/extract/2B.txt, output/B/extract/4B.txt, output/B/extract/5B.txt
    output: output/agg/B.out
    jobid: 2
    reason: Input files updated by another job: output/A/extract/3A.txt, output/A/extract/1A.txt, output/B/extract/2B.txt, output/B/extract/5B.txt, output/A/extract/2A.txt, output/A/extract/5A.txt, output/B/extract/4B.txt
    wildcards: sample=B
    resources: tmpdir=/tmp

[Thu Aug  4 11:28:29 2022]
Finished job 2.
10 of 11 steps (91%) done
Select jobs to execute...

[Thu Aug  4 11:28:29 2022]
localrule all:
    input: output/agg/A.out, output/agg/B.out
    jobid: 0
    reason: Input files updated by another job: output/agg/B.out, output/agg/A.out
    resources: tmpdir=/tmp

[Thu Aug  4 11:28:29 2022]
Finished job 0.
11 of 11 steps (100%) done
Complete log: .snakemake/log/2022-08-04T112823.651820.snakemake.log
