Building DAG of jobs...
Using shell: /usr/bin/bash
Provided cores: 1 (use --cores to define parallelism)
Rules claiming more threads will be scaled down.
Job counts:
	count	jobs
	2	aggregate
	1	all
	1	binary_decision
	10	extract
	14

[Thu Aug  4 23:50:05 2022]
rule binary_decision:
    input: data/raw.tsv
    output: output/bin_col.tsv
    jobid: 13

[Thu Aug  4 23:50:06 2022]
Finished job 13.
1 of 14 steps (7%) done

[Thu Aug  4 23:50:06 2022]
rule extract:
    input: output/bin_col.tsv
    output: output/B/extract/4B.txt
    jobid: 11
    wildcards: sample=B, cell=4B

[Thu Aug  4 23:50:06 2022]
Finished job 11.
2 of 14 steps (14%) done

[Thu Aug  4 23:50:06 2022]
rule extract:
    input: output/bin_col.tsv
    output: output/B/extract/2B.txt
    jobid: 9
    wildcards: sample=B, cell=2B

[Thu Aug  4 23:50:06 2022]
Finished job 9.
3 of 14 steps (21%) done

[Thu Aug  4 23:50:06 2022]
rule extract:
    input: output/bin_col.tsv
    output: output/A/extract/5A.txt
    jobid: 7
    wildcards: sample=A, cell=5A

[Thu Aug  4 23:50:06 2022]
Finished job 7.
4 of 14 steps (29%) done

[Thu Aug  4 23:50:06 2022]
rule extract:
    input: output/bin_col.tsv
    output: output/A/extract/3A.txt
    jobid: 5
    wildcards: sample=A, cell=3A

[Thu Aug  4 23:50:06 2022]
Finished job 5.
5 of 14 steps (36%) done

[Thu Aug  4 23:50:06 2022]
rule extract:
    input: output/bin_col.tsv
    output: output/B/extract/5B.txt
    jobid: 12
    wildcards: sample=B, cell=5B

[Thu Aug  4 23:50:06 2022]
Finished job 12.
6 of 14 steps (43%) done

[Thu Aug  4 23:50:07 2022]
rule extract:
    input: output/bin_col.tsv
    output: output/B/extract/3B.txt
    jobid: 10
    wildcards: sample=B, cell=3B

[Thu Aug  4 23:50:07 2022]
Finished job 10.
7 of 14 steps (50%) done

[Thu Aug  4 23:50:07 2022]
rule extract:
    input: output/bin_col.tsv
    output: output/B/extract/1B.txt
    jobid: 8
    wildcards: sample=B, cell=1B

[Thu Aug  4 23:50:07 2022]
Finished job 8.
8 of 14 steps (57%) done

[Thu Aug  4 23:50:07 2022]
rule extract:
    input: output/bin_col.tsv
    output: output/A/extract/4A.txt
    jobid: 6
    wildcards: sample=A, cell=4A

[Thu Aug  4 23:50:07 2022]
Finished job 6.
9 of 14 steps (64%) done

[Thu Aug  4 23:50:07 2022]
rule extract:
    input: output/bin_col.tsv
    output: output/A/extract/1A.txt
    jobid: 3
    wildcards: sample=A, cell=1A

[Thu Aug  4 23:50:07 2022]
Finished job 3.
10 of 14 steps (71%) done

[Thu Aug  4 23:50:07 2022]
rule extract:
    input: output/bin_col.tsv
    output: output/A/extract/2A.txt
    jobid: 4
    wildcards: sample=A, cell=2A

[Thu Aug  4 23:50:07 2022]
Finished job 4.
11 of 14 steps (79%) done

[Thu Aug  4 23:50:07 2022]
rule aggregate:
    input: output/A/extract/1A.txt, output/A/extract/2A.txt, output/A/extract/3A.txt, output/A/extract/4A.txt, output/A/extract/5A.txt, output/B/extract/1B.txt, output/B/extract/2B.txt, output/B/extract/3B.txt, output/B/extract/4B.txt, output/B/extract/5B.txt
    output: output/agg/B.out
    jobid: 2
    wildcards: sample=B

[Thu Aug  4 23:50:07 2022]
Finished job 2.
12 of 14 steps (86%) done

[Thu Aug  4 23:50:07 2022]
rule aggregate:
    input: output/A/extract/1A.txt, output/A/extract/2A.txt, output/A/extract/3A.txt, output/A/extract/4A.txt, output/A/extract/5A.txt, output/B/extract/1B.txt, output/B/extract/2B.txt, output/B/extract/3B.txt, output/B/extract/4B.txt, output/B/extract/5B.txt
    output: output/agg/A.out
    jobid: 1
    wildcards: sample=A

[Thu Aug  4 23:50:07 2022]
Finished job 1.
13 of 14 steps (93%) done

[Thu Aug  4 23:50:07 2022]
localrule all:
    input: output/agg/A.out, output/agg/B.out
    jobid: 0

[Thu Aug  4 23:50:07 2022]
Finished job 0.
14 of 14 steps (100%) done
Complete log: /g/korbel2/weber/workspace/snakemake_tutorials/checkpoint/-2/.snakemake/log/2022-08-04T235004.297554.snakemake.log
