Building DAG of jobs...
Using shell: /usr/bin/bash
Provided cores: 1 (use --cores to define parallelism)
Rules claiming more threads will be scaled down.
Job counts:
	count	jobs
	2	aggregate
	1	all
	1	binary_decision
	1	filter_bad_cells
	5

[Fri Aug  5 15:20:42 2022]
rule binary_decision:
    input: data/raw.tsv
    output: output/bin_col.tsv
    jobid: 4

[Fri Aug  5 15:20:44 2022]
Finished job 4.
1 of 5 steps (20%) done

[Fri Aug  5 15:20:44 2022]
checkpoint filter_bad_cells:
    input: output/bin_col.tsv
    output: output/filter.tsv
    jobid: 3
Downstream jobs will be updated after completion.

Updating job 1 (aggregate).
Updating job 2 (aggregate).
[Fri Aug  5 15:20:46 2022]
Finished job 3.
2 of 12 steps (17%) done

[Fri Aug  5 15:20:46 2022]
rule extract:
    input: output/bin_col.tsv
    output: output/A/extract/1A.txt
    jobid: 7
    wildcards: sample=A, cell=1A

[Fri Aug  5 15:20:46 2022]
Finished job 7.
3 of 12 steps (25%) done

[Fri Aug  5 15:20:46 2022]
rule extract:
    input: output/bin_col.tsv
    output: output/B/extract/5B.txt
    jobid: 13
    wildcards: sample=B, cell=5B

[Fri Aug  5 15:20:47 2022]
Finished job 13.
4 of 12 steps (33%) done

[Fri Aug  5 15:20:47 2022]
rule extract:
    input: output/bin_col.tsv
    output: output/B/extract/4B.txt
    jobid: 12
    wildcards: sample=B, cell=4B

[Fri Aug  5 15:20:47 2022]
Finished job 12.
5 of 12 steps (42%) done

[Fri Aug  5 15:20:47 2022]
rule extract:
    input: output/bin_col.tsv
    output: output/B/extract/2B.txt
    jobid: 11
    wildcards: sample=B, cell=2B

[Fri Aug  5 15:20:47 2022]
Finished job 11.
6 of 12 steps (50%) done

[Fri Aug  5 15:20:47 2022]
rule extract:
    input: output/bin_col.tsv
    output: output/A/extract/5A.txt
    jobid: 10
    wildcards: sample=A, cell=5A

[Fri Aug  5 15:20:47 2022]
Finished job 10.
7 of 12 steps (58%) done

[Fri Aug  5 15:20:47 2022]
rule extract:
    input: output/bin_col.tsv
    output: output/A/extract/2A.txt
    jobid: 8
    wildcards: sample=A, cell=2A

[Fri Aug  5 15:20:47 2022]
Finished job 8.
8 of 12 steps (67%) done

[Fri Aug  5 15:20:47 2022]
rule extract:
    input: output/bin_col.tsv
    output: output/A/extract/3A.txt
    jobid: 9
    wildcards: sample=A, cell=3A

[Fri Aug  5 15:20:47 2022]
Finished job 9.
9 of 12 steps (75%) done

[Fri Aug  5 15:20:47 2022]
rule aggregate:
    input: output/A/extract/1A.txt, output/A/extract/2A.txt, output/A/extract/3A.txt, output/A/extract/5A.txt, output/B/extract/2B.txt, output/B/extract/4B.txt, output/B/extract/5B.txt
    output: output/agg/B.out
    jobid: 6
    wildcards: sample=B

[Fri Aug  5 15:20:47 2022]
Finished job 6.
10 of 12 steps (83%) done

[Fri Aug  5 15:20:47 2022]
rule aggregate:
    input: output/A/extract/1A.txt, output/A/extract/2A.txt, output/A/extract/3A.txt, output/A/extract/5A.txt, output/B/extract/2B.txt, output/B/extract/4B.txt, output/B/extract/5B.txt
    output: output/agg/A.out
    jobid: 5
    wildcards: sample=A

[Fri Aug  5 15:20:47 2022]
Finished job 5.
11 of 12 steps (92%) done

[Fri Aug  5 15:20:48 2022]
localrule all:
    input: output/agg/A.out, output/agg/B.out
    jobid: 0

[Fri Aug  5 15:20:48 2022]
Finished job 0.
12 of 12 steps (100%) done
Complete log: /g/korbel2/weber/workspace/snakemake_tutorials/checkpoint/-1/.snakemake/log/2022-08-05T152041.388487.snakemake.log
